<?xml version="1.0"?>
<testsuites>
  <testsuite name="PhantomJS 1.9.7 (Windows 8)" package="unit" timestamp="2014-08-26T13:50:58" id="0" hostname="TLAN-PT-NB25" tests="3" errors="0" failures="0" time="0.007">
    <properties>
      <property name="browser.fullName" value="Mozilla/5.0 (Windows NT 6.2; WOW64) AppleWebKit/534.34 (KHTML, like Gecko) PhantomJS/1.9.7 Safari/534.34"/>
    </properties>
    <testcase name="should return windows OS 8.1" time="0.006" classname="unit PhantomJS 1.9.7 (Windows 8).MRS_Client-Detector: Windows - Chrome:"/>
    <testcase name="should return Chrome 36.0.1985.143" time="0" classname="unit PhantomJS 1.9.7 (Windows 8).MRS_Client-Detector: Windows - Chrome:"/>
    <testcase name="should not be mobile" time="0.001" classname="unit PhantomJS 1.9.7 (Windows 8).MRS_Client-Detector: Windows - Chrome:"/>
    <system-out><![CDATA[
]]></system-out>
    <system-err/>
  </testsuite>
</testsuites>
